<?xml version="1.0" encoding="UTF-8"?>
<!-- Generated by org.testng.reporters.JUnitReportReporter -->
<testsuite hostname="CC-Girish" failures="0" tests="1" name="com.api.tests.ResponseObject" time="2.416" errors="0" timestamp="2022-12-13T20:45:22 EST" skipped="0">
  <testcase classname="com.api.tests.ResponseObject" name="getTest" time="2.416"/>
  <system-out/>
</testsuite> <!-- com.api.tests.ResponseObject -->
