<?xml version="1.0" encoding="UTF-8"?>
<!-- Generated by org.testng.reporters.JUnitReportReporter -->
<testsuite hostname="CC-Girish" failures="0" tests="1" name="com.api.tests.Post" time="2.226" errors="0" timestamp="2022-12-13T19:07:30 EST" skipped="0">
  <testcase classname="com.api.tests.Post" name="postTest" time="2.226"/>
  <system-out/>
</testsuite> <!-- com.api.tests.Post -->
