<?xml version="1.0" encoding="UTF-8"?>
<!-- Generated by org.testng.reporters.JUnitReportReporter -->
<testsuite hostname="CC-Girish" failures="0" tests="1" name="com.api.tests.Delete" time="2.209" errors="0" timestamp="2022-12-13T19:18:40 EST" skipped="0">
  <testcase classname="com.api.tests.Delete" name="deleteBooking" time="2.209"/>
  <system-out/>
</testsuite> <!-- com.api.tests.Delete -->
