<?xml version="1.0" encoding="UTF-8"?>
<!-- Generated by org.testng.reporters.JUnitReportReporter -->
<testsuite hostname="CC-Girish" failures="0" tests="2" name="com.api.tests.TestParams" time="4.418" errors="0" timestamp="2022-12-13T20:15:35 EST" skipped="0">
  <testcase classname="com.api.tests.TestParams" name="queryTest" time="0.252"/>
  <system-out/>
  <testcase classname="com.api.tests.TestParams" name="getTest" time="4.166"/>
  <system-out/>
</testsuite> <!-- com.api.tests.TestParams -->
