<?xml version="1.0" encoding="UTF-8"?>
<!-- Generated by org.testng.reporters.JUnitReportReporter -->
<testsuite hostname="CC-Girish" failures="0" tests="1" name="com.api.tests.Put" time="2.242" errors="0" timestamp="2022-12-13T19:03:52 EST" skipped="0">
  <testcase classname="com.api.tests.Put" name="putTestUpdated" time="2.242"/>
  <system-out/>
</testsuite> <!-- com.api.tests.Put -->
