<?xml version="1.0" encoding="UTF-8"?>
<!-- Generated by org.testng.reporters.JUnitReportReporter -->
<testsuite hostname="CC-Girish" failures="0" tests="1" name="com.api.tests.Cookie" time="2.162" errors="0" timestamp="2022-12-13T20:51:34 EST" skipped="0">
  <testcase classname="com.api.tests.Cookie" name="testUsingXpath" time="2.162"/>
  <system-out/>
</testsuite> <!-- com.api.tests.Cookie -->
