<?xml version="1.0" encoding="UTF-8"?>
<!-- Generated by org.testng.reporters.JUnitReportReporter -->
<testsuite hostname="CC-Girish" failures="0" tests="3" name="com.api.tests.XmlResponses" time="3.252" errors="0" timestamp="2022-12-13T20:33:34 EST" skipped="0">
  <testcase classname="com.api.tests.XmlResponses" name="lazyTest" time="2.509"/>
  <system-out/>
  <testcase classname="com.api.tests.XmlResponses" name="xmlTest1" time="0.409"/>
  <system-out/>
  <testcase classname="com.api.tests.XmlResponses" name="testUsingXpath" time="0.334"/>
  <system-out/>
</testsuite> <!-- com.api.tests.XmlResponses -->
