<?xml version="1.0" encoding="UTF-8"?>
<!-- Generated by org.testng.reporters.JUnitReportReporter -->
<testsuite hostname="CC-Girish" failures="0" tests="2" name="com.api.tests.Get" time="3.843" errors="0" timestamp="2022-12-13T19:56:52 EST" skipped="0">
  <testcase classname="com.api.tests.Get" name="getTest" time="3.427"/>
  <system-out/>
  <testcase classname="com.api.tests.Get" name="getTest2" time="0.416"/>
  <system-out/>
</testsuite> <!-- com.api.tests.Get -->
